<?xml version="1.0" encoding="UTF-8"?>
<coverage generated="1755868210254" clover="3.2.0">
  <project timestamp="1755868210254" name="All files">
    <metrics statements="161" coveredstatements="156" conditionals="69" coveredconditionals="66" methods="35" coveredmethods="32" elements="265" coveredelements="254" complexity="0" loc="161" ncloc="161" packages="3" files="8" classes="8"/>
    <package name="services">
      <metrics statements="46" coveredstatements="43" conditionals="12" coveredconditionals="11" methods="16" coveredmethods="13"/>
      <file name="HttpClientService.ts" path="/Users/ulisses.hen/projects/react_natives/simulation-app/services/HttpClientService.ts">
        <metrics statements="21" coveredstatements="21" conditionals="4" coveredconditionals="4" methods="8" coveredmethods="8"/>
        <line num="1" count="2" type="stmt"/>
        <line num="2" count="2" type="stmt"/>
        <line num="6" count="2" type="stmt"/>
        <line num="10" count="14" type="stmt"/>
        <line num="18" count="14" type="stmt"/>
        <line num="23" count="14" type="stmt"/>
        <line num="27" count="1" type="stmt"/>
        <line num="30" count="1" type="stmt"/>
        <line num="35" count="14" type="stmt"/>
        <line num="36" count="1" type="stmt"/>
        <line num="39" count="3" type="cond" truecount="2" falsecount="0"/>
        <line num="41" count="1" type="stmt"/>
        <line num="42" count="2" type="cond" truecount="2" falsecount="0"/>
        <line num="44" count="1" type="stmt"/>
        <line num="47" count="1" type="stmt"/>
        <line num="49" count="3" type="stmt"/>
        <line num="55" count="2" type="stmt"/>
        <line num="56" count="1" type="stmt"/>
        <line num="60" count="2" type="stmt"/>
        <line num="61" count="1" type="stmt"/>
        <line num="66" count="2" type="stmt"/>
      </file>
      <file name="ProductService.ts" path="/Users/ulisses.hen/projects/react_natives/simulation-app/services/ProductService.ts">
        <metrics statements="13" coveredstatements="13" conditionals="5" coveredconditionals="5" methods="3" coveredmethods="3"/>
        <line num="1" count="1" type="stmt"/>
        <line num="4" count="1" type="stmt"/>
        <line num="6" count="1" type="stmt"/>
        <line num="7" count="14" type="cond" truecount="1" falsecount="0"/>
        <line num="10" count="7" type="stmt"/>
        <line num="11" count="7" type="stmt"/>
        <line num="12" count="4" type="stmt"/>
        <line num="17" count="3" type="stmt"/>
        <line num="26" count="7" type="stmt"/>
        <line num="27" count="7" type="stmt"/>
        <line num="28" count="5" type="stmt"/>
        <line num="33" count="2" type="stmt"/>
        <line num="43" count="1" type="stmt"/>
      </file>
      <file name="SimulationService.ts" path="/Users/ulisses.hen/projects/react_natives/simulation-app/services/SimulationService.ts">
        <metrics statements="9" coveredstatements="9" conditionals="3" coveredconditionals="2" methods="2" coveredmethods="2"/>
        <line num="1" count="1" type="stmt"/>
        <line num="4" count="1" type="stmt"/>
        <line num="6" count="1" type="stmt"/>
        <line num="7" count="15" type="cond" truecount="1" falsecount="0"/>
        <line num="10" count="17" type="stmt"/>
        <line num="11" count="17" type="stmt"/>
        <line num="15" count="15" type="stmt"/>
        <line num="20" count="2" type="stmt"/>
        <line num="30" count="1" type="stmt"/>
      </file>
      <file name="api.ts" path="/Users/ulisses.hen/projects/react_natives/simulation-app/services/api.ts">
        <metrics statements="3" coveredstatements="0" conditionals="0" coveredconditionals="0" methods="3" coveredmethods="0"/>
        <line num="4" count="0" type="stmt"/>
        <line num="5" count="0" type="stmt"/>
        <line num="6" count="0" type="stmt"/>
      </file>
    </package>
    <package name="services.implementations">
      <metrics statements="49" coveredstatements="47" conditionals="31" coveredconditionals="30" methods="5" coveredmethods="5"/>
      <file name="LoanCalculator.ts" path="/Users/ulisses.hen/projects/react_natives/simulation-app/services/implementations/LoanCalculator.ts">
        <metrics statements="22" coveredstatements="20" conditionals="5" coveredconditionals="4" methods="2" coveredmethods="2"/>
        <line num="3" count="1" type="stmt"/>
        <line num="15" count="1" type="stmt"/>
        <line num="16" count="1" type="stmt"/>
        <line num="19" count="1" type="stmt"/>
        <line num="21" count="1" type="stmt"/>
        <line num="23" count="12" type="stmt"/>
        <line num="24" count="12" type="stmt"/>
        <line num="27" count="12" type="cond" truecount="2" falsecount="0"/>
        <line num="30" count="12" type="stmt"/>
        <line num="33" count="12" type="stmt"/>
        <line num="34" count="12" type="stmt"/>
        <line num="36" count="12" type="stmt"/>
        <line num="42" count="12" type="stmt"/>
        <line num="47" count="36" type="stmt"/>
        <line num="48" count="36" type="stmt"/>
        <line num="49" count="36" type="stmt"/>
        <line num="50" count="36" type="stmt"/>
        <line num="51" count="36" type="cond" truecount="1" falsecount="0"/>
        <line num="52" count="26" type="cond" truecount="1" falsecount="0"/>
        <line num="55" count="0" type="cond" truecount="0" falsecount="1"/>
        <line num="56" count="0" type="stmt"/>
        <line num="59" count="1" type="stmt"/>
      </file>
      <file name="ValidationService.ts" path="/Users/ulisses.hen/projects/react_natives/simulation-app/services/implementations/ValidationService.ts">
        <metrics statements="27" coveredstatements="27" conditionals="26" coveredconditionals="26" methods="3" coveredmethods="3"/>
        <line num="3" count="1" type="stmt"/>
        <line num="5" count="1" type="stmt"/>
        <line num="7" count="21" type="stmt"/>
        <line num="9" count="21" type="cond" truecount="3" falsecount="0"/>
        <line num="10" count="5" type="stmt"/>
        <line num="13" count="21" type="cond" truecount="4" falsecount="0"/>
        <line num="14" count="5" type="stmt"/>
        <line num="15" count="16" type="cond" truecount="1" falsecount="0"/>
        <line num="16" count="2" type="stmt"/>
        <line num="19" count="21" type="cond" truecount="4" falsecount="0"/>
        <line num="20" count="3" type="stmt"/>
        <line num="21" count="18" type="cond" truecount="1" falsecount="0"/>
        <line num="22" count="3" type="stmt"/>
        <line num="25" count="21" type="stmt"/>
        <line num="32" count="16" type="stmt"/>
        <line num="34" count="16" type="cond" truecount="3" falsecount="0"/>
        <line num="35" count="5" type="stmt"/>
        <line num="38" count="16" type="cond" truecount="4" falsecount="0"/>
        <line num="39" count="5" type="stmt"/>
        <line num="40" count="11" type="cond" truecount="1" falsecount="0"/>
        <line num="41" count="1" type="stmt"/>
        <line num="44" count="16" type="cond" truecount="4" falsecount="0"/>
        <line num="45" count="3" type="stmt"/>
        <line num="46" count="13" type="cond" truecount="1" falsecount="0"/>
        <line num="47" count="2" type="stmt"/>
        <line num="50" count="16" type="stmt"/>
        <line num="57" count="5" type="stmt"/>
      </file>
    </package>
    <package name="utils">
      <metrics statements="66" coveredstatements="66" conditionals="26" coveredconditionals="25" methods="14" coveredmethods="14"/>
      <file name="currency.ts" path="/Users/ulisses.hen/projects/react_natives/simulation-app/utils/currency.ts">
        <metrics statements="51" coveredstatements="51" conditionals="25" coveredconditionals="25" methods="11" coveredmethods="11"/>
        <line num="7" count="2" type="stmt"/>
        <line num="8" count="25" type="cond" truecount="4" falsecount="0"/>
        <line num="9" count="25" type="stmt"/>
        <line num="16" count="25" type="stmt"/>
        <line num="17" count="25" type="stmt"/>
        <line num="21" count="2" type="stmt"/>
        <line num="22" count="17" type="cond" truecount="4" falsecount="0"/>
        <line num="24" count="17" type="stmt"/>
        <line num="31" count="2" type="stmt"/>
        <line num="32" count="38" type="cond" truecount="1" falsecount="0"/>
        <line num="35" count="34" type="stmt"/>
        <line num="40" count="34" type="stmt"/>
        <line num="41" count="34" type="stmt"/>
        <line num="45" count="2" type="stmt"/>
        <line num="46" count="15" type="cond" truecount="1" falsecount="0"/>
        <line num="49" count="12" type="stmt"/>
        <line num="51" count="12" type="cond" truecount="1" falsecount="0"/>
        <line num="54" count="10" type="stmt"/>
        <line num="55" count="10" type="stmt"/>
        <line num="58" count="10" type="stmt"/>
        <line num="62" count="2" type="stmt"/>
        <line num="63" count="4" type="stmt"/>
        <line num="67" count="2" type="stmt"/>
        <line num="68" count="7" type="cond" truecount="3" falsecount="0"/>
        <line num="70" count="6" type="stmt"/>
        <line num="71" count="6" type="cond" truecount="1" falsecount="0"/>
        <line num="72" count="4" type="stmt"/>
        <line num="73" count="4" type="cond" truecount="2" falsecount="0"/>
        <line num="77" count="2" type="cond" truecount="1" falsecount="0"/>
        <line num="78" count="8" type="stmt"/>
        <line num="82" count="2" type="stmt"/>
        <line num="89" count="2" type="stmt"/>
        <line num="94" count="10" type="stmt"/>
        <line num="96" count="10" type="cond" truecount="1" falsecount="0"/>
        <line num="97" count="3" type="stmt"/>
        <line num="104" count="7" type="cond" truecount="1" falsecount="0"/>
        <line num="105" count="2" type="stmt"/>
        <line num="112" count="5" type="cond" truecount="1" falsecount="0"/>
        <line num="113" count="1" type="stmt"/>
        <line num="120" count="4" type="stmt"/>
        <line num="127" count="2" type="stmt"/>
        <line num="128" count="4" type="cond" truecount="2" falsecount="0"/>
        <line num="129" count="4" type="stmt"/>
        <line num="133" count="8" type="stmt"/>
        <line num="136" count="2" type="stmt"/>
        <line num="137" count="11" type="stmt"/>
        <line num="139" count="11" type="cond" truecount="1" falsecount="0"/>
        <line num="140" count="3" type="stmt"/>
        <line num="143" count="8" type="cond" truecount="1" falsecount="0"/>
        <line num="144" count="4" type="stmt"/>
        <line num="147" count="4" type="stmt"/>
      </file>
      <file name="loanCalculations.ts" path="/Users/ulisses.hen/projects/react_natives/simulation-app/utils/loanCalculations.ts">
        <metrics statements="15" coveredstatements="15" conditionals="1" coveredconditionals="0" methods="3" coveredmethods="3"/>
        <line num="3" count="1" type="stmt"/>
        <line num="4" count="15" type="stmt"/>
        <line num="7" count="1" type="stmt"/>
        <line num="12" count="15" type="cond" truecount="0" falsecount="1"/>
        <line num="14" count="15" type="stmt"/>
        <line num="15" count="15" type="stmt"/>
        <line num="18" count="1" type="stmt"/>
        <line num="24" count="15" type="stmt"/>
        <line num="25" count="15" type="stmt"/>
        <line num="27" count="15" type="stmt"/>
        <line num="28" count="797" type="stmt"/>
        <line num="29" count="797" type="stmt"/>
        <line num="30" count="797" type="stmt"/>
        <line num="32" count="797" type="stmt"/>
        <line num="40" count="15" type="stmt"/>
      </file>
    </package>
  </project>
</coverage>
