TN:
SF:services/HttpClientService.ts
FN:9,(anonymous_1)
FN:21,(anonymous_2)
FN:24,(anonymous_3)
FN:29,(anonymous_4)
FN:36,(anonymous_5)
FN:37,(anonymous_6)
FN:54,(anonymous_7)
FN:59,(anonymous_8)
FNF:8
FNH:8
FNDA:14,(anonymous_1)
FNDA:14,(anonymous_2)
FNDA:1,(anonymous_3)
FNDA:1,(anonymous_4)
FNDA:1,(anonymous_5)
FNDA:3,(anonymous_6)
FNDA:2,(anonymous_7)
FNDA:2,(anonymous_8)
DA:1,2
DA:2,2
DA:6,2
DA:10,14
DA:18,14
DA:23,14
DA:27,1
DA:30,1
DA:35,14
DA:36,1
DA:39,3
DA:41,1
DA:42,2
DA:44,1
DA:47,1
DA:49,3
DA:55,2
DA:56,1
DA:60,2
DA:61,1
DA:66,2
LF:21
LH:21
BRDA:39,0,0,1
BRDA:39,0,1,2
BRDA:42,1,0,1
BRDA:42,1,1,1
BRF:4
BRH:4
end_of_record
TN:
SF:services/ProductService.ts
FN:7,(anonymous_0)
FN:9,(anonymous_1)
FN:25,(anonymous_2)
FNF:3
FNH:3
FNDA:14,(anonymous_0)
FNDA:7,(anonymous_1)
FNDA:7,(anonymous_2)
DA:1,1
DA:4,1
DA:6,1
DA:7,14
DA:10,7
DA:11,7
DA:12,4
DA:17,3
DA:26,7
DA:27,7
DA:28,5
DA:33,2
DA:43,1
LF:13
LH:13
BRDA:7,0,0,1
BRDA:20,1,0,3
BRDA:20,1,1,2
BRDA:36,2,0,2
BRDA:36,2,1,1
BRF:5
BRH:5
end_of_record
TN:
SF:services/SimulationService.ts
FN:7,(anonymous_0)
FN:9,(anonymous_1)
FNF:2
FNH:2
FNDA:15,(anonymous_0)
FNDA:17,(anonymous_1)
DA:1,1
DA:4,1
DA:6,1
DA:7,15
DA:10,17
DA:11,17
DA:15,15
DA:20,2
DA:30,1
LF:9
LH:9
BRDA:7,0,0,1
BRDA:23,1,0,2
BRDA:23,1,1,0
BRF:3
BRH:2
end_of_record
TN:
SF:services/api.ts
FN:4,(anonymous_0)
FN:5,(anonymous_1)
FN:6,(anonymous_2)
FNF:3
FNH:0
FNDA:0,(anonymous_0)
FNDA:0,(anonymous_1)
FNDA:0,(anonymous_2)
DA:4,0
DA:5,0
DA:6,0
LF:3
LH:0
BRF:0
BRH:0
end_of_record
TN:
SF:services/implementations/LoanCalculator.ts
FN:9,(anonymous_0)
FN:46,bankersRound
FNF:2
FNH:2
FNDA:1,(anonymous_0)
FNDA:36,bankersRound
DA:3,1
DA:15,1
DA:16,1
DA:19,1
DA:21,1
DA:23,12
DA:24,12
DA:27,12
DA:30,12
DA:33,12
DA:34,12
DA:36,12
DA:42,12
DA:47,36
DA:48,36
DA:49,36
DA:50,36
DA:51,36
DA:52,26
DA:55,0
DA:56,0
DA:59,1
LF:22
LH:20
BRDA:27,0,0,1
BRDA:27,0,1,11
BRDA:51,1,0,10
BRDA:52,2,0,26
BRDA:55,3,0,0
BRF:5
BRH:4
end_of_record
TN:
SF:services/implementations/ValidationService.ts
FN:6,(anonymous_0)
FN:31,(anonymous_1)
FN:56,(anonymous_2)
FNF:3
FNH:3
FNDA:21,(anonymous_0)
FNDA:16,(anonymous_1)
FNDA:5,(anonymous_2)
DA:3,1
DA:5,1
DA:7,21
DA:9,21
DA:10,5
DA:13,21
DA:14,5
DA:15,16
DA:16,2
DA:19,21
DA:20,3
DA:21,18
DA:22,3
DA:25,21
DA:32,16
DA:34,16
DA:35,5
DA:38,16
DA:39,5
DA:40,11
DA:41,1
DA:44,16
DA:45,3
DA:46,13
DA:47,2
DA:50,16
DA:57,5
LF:27
LH:27
BRDA:9,0,0,5
BRDA:9,1,0,21
BRDA:9,1,1,17
BRDA:13,2,0,5
BRDA:13,2,1,16
BRDA:13,3,0,21
BRDA:13,3,1,18
BRDA:15,4,0,2
BRDA:19,5,0,3
BRDA:19,5,1,18
BRDA:19,6,0,21
BRDA:19,6,1,19
BRDA:21,7,0,3
BRDA:34,8,0,5
BRDA:34,9,0,16
BRDA:34,9,1,12
BRDA:38,10,0,5
BRDA:38,10,1,11
BRDA:38,11,0,16
BRDA:38,11,1,13
BRDA:40,12,0,1
BRDA:44,13,0,3
BRDA:44,13,1,13
BRDA:44,14,0,16
BRDA:44,14,1,14
BRDA:46,15,0,2
BRF:26
BRH:26
end_of_record
TN:
SF:utils/currency.ts
FN:7,(anonymous_0)
FN:21,(anonymous_1)
FN:31,(anonymous_2)
FN:45,(anonymous_3)
FN:62,(anonymous_4)
FN:67,(anonymous_5)
FN:77,(anonymous_6)
FN:89,(anonymous_7)
FN:127,(anonymous_8)
FN:133,(anonymous_9)
FN:136,(anonymous_10)
FNF:11
FNH:11
FNDA:25,(anonymous_0)
FNDA:17,(anonymous_1)
FNDA:38,(anonymous_2)
FNDA:15,(anonymous_3)
FNDA:4,(anonymous_4)
FNDA:7,(anonymous_5)
FNDA:8,(anonymous_6)
FNDA:10,(anonymous_7)
FNDA:4,(anonymous_8)
FNDA:8,(anonymous_9)
FNDA:11,(anonymous_10)
DA:7,2
DA:8,25
DA:9,25
DA:16,25
DA:17,25
DA:21,2
DA:22,17
DA:24,17
DA:31,2
DA:32,38
DA:35,34
DA:40,34
DA:41,34
DA:45,2
DA:46,15
DA:49,12
DA:51,12
DA:54,10
DA:55,10
DA:58,10
DA:62,2
DA:63,4
DA:67,2
DA:68,7
DA:70,6
DA:71,6
DA:72,4
DA:73,4
DA:77,2
DA:78,8
DA:82,2
DA:89,2
DA:94,10
DA:96,10
DA:97,3
DA:104,7
DA:105,2
DA:112,5
DA:113,1
DA:120,4
DA:127,2
DA:128,4
DA:129,4
DA:133,8
DA:136,2
DA:137,11
DA:139,11
DA:140,3
DA:143,8
DA:144,4
DA:147,4
LF:51
LH:51
BRDA:8,0,0,4
BRDA:8,0,1,21
BRDA:8,1,0,4
BRDA:8,1,1,2
BRDA:22,2,0,4
BRDA:22,2,1,13
BRDA:22,3,0,4
BRDA:22,3,1,2
BRDA:32,4,0,4
BRDA:46,5,0,3
BRDA:51,6,0,2
BRDA:68,7,0,1
BRDA:68,8,0,7
BRDA:68,8,1,6
BRDA:71,9,0,2
BRDA:73,10,0,4
BRDA:73,10,1,4
BRDA:77,11,0,5
BRDA:96,12,0,3
BRDA:104,13,0,2
BRDA:112,14,0,1
BRDA:128,15,0,2
BRDA:128,15,1,2
BRDA:139,16,0,3
BRDA:143,17,0,4
BRF:25
BRH:25
end_of_record
TN:
SF:utils/loanCalculations.ts
FN:3,(anonymous_0)
FN:7,(anonymous_1)
FN:18,(anonymous_2)
FNF:3
FNH:3
FNDA:15,(anonymous_0)
FNDA:15,(anonymous_1)
FNDA:15,(anonymous_2)
DA:3,1
DA:4,15
DA:7,1
DA:12,15
DA:14,15
DA:15,15
DA:18,1
DA:24,15
DA:25,15
DA:27,15
DA:28,797
DA:29,797
DA:30,797
DA:32,797
DA:40,15
LF:15
LH:15
BRDA:12,0,0,0
BRF:1
BRH:0
end_of_record
